--- Copying files at Sun Nov 28 17:43:40 UTC 2021
INSTALLED plugins/workflow-multibranch.jpi : 2.26
INSTALLED plugins/okhttp-api.jpi : 4.9.2-20211102
INSTALLED plugins/credentials-binding.jpi : 1.27
INSTALLED plugins/pipeline-stage-step.jpi : 2.5
INSTALLED plugins/pipeline-github-lib.jpi : 1.0
INSTALLED plugins/branch-api.jpi : 2.7.0
INSTALLED plugins/checks-api.jpi : 1.7.2
INSTALLED plugins/ant.jpi : 1.12
INSTALLED plugins/mailer.jpi : 1.34
INSTALLED plugins/subversion.jpi : 2.15.1
INSTALLED plugins/lockable-resources.jpi : 2.12
INSTALLED plugins/jenkins-design-language.jpi : 1.25.2
INSTALLED plugins/jsch.jpi : 0.1.55.2
INSTALLED plugins/durable-task.jpi : 493.v195aefbb0ff2
INSTALLED plugins/antisamy-markup-formatter.jpi : 2.5
INSTALLED plugins/authentication-tokens.jpi : 1.4
INSTALLED plugins/docker-java-api.jpi : 3.1.5.2
INSTALLED plugins/handy-uri-templates-2-api.jpi : 2.1.8-1.0
INSTALLED plugins/plugin-util-api.jpi : 2.5.1
INSTALLED plugins/resource-disposer.jpi : 0.16
INSTALLED plugins/trilead-api.jpi : 1.0.13
INSTALLED plugins/popper2-api.jpi : 2.10.2-1
INSTALLED plugins/jquery3-api.jpi : 3.6.0-2
INSTALLED plugins/jira.jpi : 3.6
INSTALLED plugins/favorite.jpi : 2.3.3
INSTALLED plugins/workflow-api.jpi : 2.47
INSTALLED plugins/pipeline-model-extensions.jpi : 1.9.3
INSTALLED plugins/email-ext.jpi : 2.85
INSTALLED plugins/pipeline-milestone-step.jpi : 1.3.2
INSTALLED plugins/bootstrap5-api.jpi : 5.1.3-3
INSTALLED plugins/handlebars.jpi : 3.0.8
INSTALLED plugins/publish-over.jpi : 0.22
INSTALLED plugins/workflow-cps-global-lib.jpi : 548.v9085a486966a
INSTALLED plugins/matrix-project.jpi : 1.19
INSTALLED plugins/workflow-durable-task-step.jpi : 1101.vf832bc1ac745
INSTALLED plugins/momentjs.jpi : 1.1.1
INSTALLED plugins/mercurial.jpi : 2.16
INSTALLED plugins/font-awesome-api.jpi : 5.15.4-3
INSTALLED plugins/git-client.jpi : 3.10.0
INSTALLED plugins/timestamper.jpi : 1.15
INSTALLED plugins/scp.jpi : 1.8
INSTALLED plugins/pam-auth.jpi : 1.6.1
INSTALLED plugins/build-timeout.jpi : 1.20
INSTALLED plugins/structs.jpi : 1.24
INSTALLED plugins/popper-api.jpi : 1.16.1-2
INSTALLED plugins/sshd.jpi : 3.1.0
INSTALLED plugins/variant.jpi : 1.4
INSTALLED plugins/workflow-support.jpi : 3.8
INSTALLED plugins/pipeline-model-definition.jpi : 1.9.3
INSTALLED plugins/bouncycastle-api.jpi : 2.25
INSTALLED plugins/pipeline-graph-analysis.jpi : 1.12
INSTALLED plugins/ssh-credentials.jpi : 1.19
INSTALLED plugins/cvs.jpi : 2.19
INSTALLED plugins/bitbucket-oauth.jpi : 0.10
INSTALLED plugins/junit.jpi : 1.53
INSTALLED plugins/htmlpublisher.jpi : 1.28
INSTALLED plugins/pipeline-build-step.jpi : 2.15
INSTALLED plugins/workflow-job.jpi : 2.42
INSTALLED plugins/pipeline-stage-tags-metadata.jpi : 1.9.3
INSTALLED plugins/gradle.jpi : 1.37.1
INSTALLED plugins/job-dsl.jpi : 1.78.1
INSTALLED plugins/script-security.jpi : 1.78
INSTALLED plugins/github.jpi : 1.34.1
INSTALLED plugins/workflow-aggregator.jpi : 2.6
INSTALLED plugins/github-api.jpi : 1.133
INSTALLED plugins/sse-gateway.jpi : 1.24
INSTALLED plugins/nvm-wrapper.jpi : 0.1.7
INSTALLED plugins/pipeline-model-api.jpi : 1.9.3
INSTALLED plugins/docker-plugin.jpi : 1.2.3
INSTALLED plugins/caffeine-api.jpi : 2.9.2-29.v717aac953ff3
INSTALLED plugins/external-monitor-job.jpi : 1.7
INSTALLED plugins/cloudbees-folder.jpi : 6.16
INSTALLED plugins/scm-api.jpi : 2.6.5
INSTALLED plugins/snakeyaml-api.jpi : 1.29.1
INSTALLED plugins/workflow-basic-steps.jpi : 2.24
INSTALLED plugins/jquery-detached.jpi : 1.2.1
INSTALLED plugins/jdk-tool.jpi : 1.5
INSTALLED plugins/publish-over-ssh.jpi : 1.22
INSTALLED plugins/credentials.jpi : 2.6.2
INSTALLED plugins/pubsub-light.jpi : 1.16
INSTALLED plugins/ssh-slaves.jpi : 1.33.0
INSTALLED plugins/github-branch-source.jpi : 2.11.3
INSTALLED plugins/apache-httpcomponents-client-4-api.jpi : 4.5.13-1.0
INSTALLED plugins/ssh.jpi : 2.6.1
INSTALLED plugins/jjwt-api.jpi : 0.11.2-9.c8b45b8bb173
INSTALLED plugins/pipeline-rest-api.jpi : 2.19
INSTALLED plugins/ace-editor.jpi : 1.1
INSTALLED plugins/ldap.jpi : 2.7
INSTALLED plugins/windows-slaves.jpi : 1.8
INSTALLED plugins/pipeline-stage-view.jpi : 2.19
INSTALLED plugins/mapdb-api.jpi : 1.0.9.0
INSTALLED plugins/matrix-auth.jpi : 2.6.8
INSTALLED plugins/workflow-step-api.jpi : 2.24
INSTALLED plugins/workflow-scm-step.jpi : 2.13
INSTALLED plugins/javadoc.jpi : 1.6
INSTALLED plugins/echarts-api.jpi : 5.2.2-1
INSTALLED plugins/simple-theme-plugin.jpi : 0.7
INSTALLED plugins/slack.jpi : 2.49
INSTALLED plugins/token-macro.jpi : 267.vcdaea6462991
INSTALLED plugins/ws-cleanup.jpi : 0.39
INSTALLED plugins/docker-commons.jpi : 1.17
INSTALLED plugins/bitbucket.jpi : 214.v2fd4234d0554
INSTALLED plugins/workflow-cps.jpi : 2633.v6baeedc13805
INSTALLED plugins/jackson2-api.jpi : 2.13.0-230.v59243c64b0a5
INSTALLED plugins/plain-credentials.jpi : 1.7
INSTALLED plugins/command-launcher.jpi : 1.6
INSTALLED plugins/git-server.jpi : 1.10
INSTALLED plugins/pipeline-model-declarative-agent.jpi : 1.1.1
INSTALLED plugins/pipeline-input-step.jpi : 2.12
INSTALLED plugins/cloudbees-bitbucket-branch-source.jpi : 731.v1f980b7eba32
INSTALLED plugins/bootstrap4-api.jpi : 4.6.0-3
INSTALLED plugins/git.jpi : 4.10.0
INSTALLED plugins/display-url-api.jpi : 2.3.5
--- Copying files at Sun Nov 28 20:08:33 UTC 2021
--- Copying files at Sun Nov 28 20:09:29 UTC 2021
--- Copying files at Mon Nov 29 08:01:42 UTC 2021
--- Copying files at Mon Nov 29 10:13:56 UTC 2021
--- Copying files at Mon Nov 29 10:23:21 UTC 2021
--- Copying files at Mon Nov 29 15:43:55 UTC 2021
--- Copying files at Mon Nov 29 16:15:11 UTC 2021
